Performing Curl Test HAVE_FCNTL_O_NONBLOCK failed with the following output:
Change Dir: 'C:/projects/getaf/build/CMakeFiles/CMakeTmp'

Run Build Command(s): "C:/Program Files/Microsoft Visual Studio/2022/Community/MSBuild/Current/Bin/amd64/MSBuild.exe" cmTC_9e0af.vcxproj /p:Configuration=Debug /p:Platform=x64 /p:VisualStudioVersion=17.0 /v:n
MSBuild version 17.14.23+b0019275e for .NET Framework
Build started 9/17/2025 9:44:32 PM.

Project "C:\projects\getaf\build\CMakeFiles\CMakeTmp\cmTC_9e0af.vcxproj" on node 1 (default targets).
PrepareForBuild:
  Creating directory "cmTC_9e0af.dir\Debug\".
  Structured output is enabled. The formatting of compiler diagnostics will reflect the error hierarchy. See https://aka.ms/cpp/structured-output for more details.
  Creating directory "C:\projects\getaf\build\CMakeFiles\CMakeTmp\Debug\".
  Creating directory "cmTC_9e0af.dir\Debug\cmTC_9e0af.tlog\".
InitializeBuildStatus:
  Creating "cmTC_9e0af.dir\Debug\cmTC_9e0af.tlog\unsuccessfulbuild" because "AlwaysCreate" was specified.
  Touching "cmTC_9e0af.dir\Debug\cmTC_9e0af.tlog\unsuccessfulbuild".
ClCompile:
  C:\Program Files\Microsoft Visual Studio\2022\Community\VC\Tools\MSVC\14.44.35207\bin\HostX64\x64\CL.exe /c /Zi /W3 /WX- /diagnostics:column /Od /Ob0 /D _MBCS /D WIN32 /D _WINDOWS /D HAVE_FCNTL_O_NONBLOCK /D HAVE_WINDOWS_H /D HAVE_WS2TCPIP_H /D HAVE_WINSOCK2_H /D HAVE_INTTYPES_H /D HAVE_SYS_STAT_H /D HAVE_SYS_TYPES_H /D HAVE_SYS_UTIME_H /D HAVE_FCNTL_H /D HAVE_IO_H /D HAVE_LOCALE_H /D HAVE_STDBOOL_H /D HAVE_STDINT_H /D "CMAKE_INTDIR=\"Debug\"" /RTC1 /MDd /GS /fp:precise /Fo"cmTC_9e0af.dir\Debug\\" /Fd"cmTC_9e0af.dir\Debug\vc143.pdb" /external:W3 /Gd /TC /errorReport:queue "C:\projects\getaf\build\_deps\curl-src\CMake\CurlTests.c"
  Microsoft (R) C/C++ Optimizing Compiler Version 19.44.35217 for x64
  Copyright (C) Microsoft Corporation.  All rights reserved.
  cl /c /Zi /W3 /WX- /diagnostics:column /Od /Ob0 /D _MBCS /D WIN32 /D _WINDOWS /D HAVE_FCNTL_O_NONBLOCK /D HAVE_WINDOWS_H /D HAVE_WS2TCPIP_H /D HAVE_WINSOCK2_H /D HAVE_INTTYPES_H /D HAVE_SYS_STAT_H /D HAVE_SYS_TYPES_H /D HAVE_SYS_UTIME_H /D HAVE_FCNTL_H /D HAVE_IO_H /D HAVE_LOCALE_H /D HAVE_STDBOOL_H /D HAVE_STDINT_H /D "CMAKE_INTDIR=\"Debug\"" /RTC1 /MDd /GS /fp:precise /Fo"cmTC_9e0af.dir\Debug\\" /Fd"cmTC_9e0af.dir\Debug\vc143.pdb" /external:W3 /Gd /TC /errorReport:queue "C:\projects\getaf\build\_deps\curl-src\CMake\CurlTests.c"
  CurlTests.c
C:\projects\getaf\build\_deps\curl-src\CMake\CurlTests.c(29,10): error C1083: Cannot open include file: 'unistd.h': No such file or directory [C:\projects\getaf\build\CMakeFiles\CMakeTmp\cmTC_9e0af.vcxproj]
Done Building Project "C:\projects\getaf\build\CMakeFiles\CMakeTmp\cmTC_9e0af.vcxproj" (default targets) -- FAILED.

Build FAILED.

"C:\projects\getaf\build\CMakeFiles\CMakeTmp\cmTC_9e0af.vcxproj" (default target) (1) ->
(ClCompile target) -> 
  C:\projects\getaf\build\_deps\curl-src\CMake\CurlTests.c(29,10): error C1083: Cannot open include file: 'unistd.h': No such file or directory [C:\projects\getaf\build\CMakeFiles\CMakeTmp\cmTC_9e0af.vcxproj]

    0 Warning(s)
    1 Error(s)

Time Elapsed 00:00:02.15


Performing Curl Test HAVE_IOCTLSOCKET_CAMEL failed with the following output:
Change Dir: 'C:/projects/getaf/build/CMakeFiles/CMakeTmp'

Run Build Command(s): "C:/Program Files/Microsoft Visual Studio/2022/Community/MSBuild/Current/Bin/amd64/MSBuild.exe" cmTC_25be0.vcxproj /p:Configuration=Debug /p:Platform=x64 /p:VisualStudioVersion=17.0 /v:n
MSBuild version 17.14.23+b0019275e for .NET Framework
Build started 9/17/2025 9:44:38 PM.

Project "C:\projects\getaf\build\CMakeFiles\CMakeTmp\cmTC_25be0.vcxproj" on node 1 (default targets).
PrepareForBuild:
  Creating directory "cmTC_25be0.dir\Debug\".
  Structured output is enabled. The formatting of compiler diagnostics will reflect the error hierarchy. See https://aka.ms/cpp/structured-output for more details.
  Creating directory "C:\projects\getaf\build\CMakeFiles\CMakeTmp\Debug\".
  Creating directory "cmTC_25be0.dir\Debug\cmTC_25be0.tlog\".
InitializeBuildStatus:
  Creating "cmTC_25be0.dir\Debug\cmTC_25be0.tlog\unsuccessfulbuild" because "AlwaysCreate" was specified.
  Touching "cmTC_25be0.dir\Debug\cmTC_25be0.tlog\unsuccessfulbuild".
ClCompile:
  C:\Program Files\Microsoft Visual Studio\2022\Community\VC\Tools\MSVC\14.44.35207\bin\HostX64\x64\CL.exe /c /Zi /W3 /WX- /diagnostics:column /Od /Ob0 /D _MBCS /D WIN32 /D _WINDOWS /D HAVE_IOCTLSOCKET_CAMEL /D HAVE_WINDOWS_H /D HAVE_WS2TCPIP_H /D HAVE_WINSOCK2_H /D HAVE_INTTYPES_H /D HAVE_SYS_STAT_H /D HAVE_SYS_TYPES_H /D HAVE_SYS_UTIME_H /D HAVE_FCNTL_H /D HAVE_IO_H /D HAVE_LOCALE_H /D HAVE_STDBOOL_H /D HAVE_STDINT_H /D "CMAKE_INTDIR=\"Debug\"" /RTC1 /MDd /GS /fp:precise /Fo"cmTC_25be0.dir\Debug\\" /Fd"cmTC_25be0.dir\Debug\vc143.pdb" /external:W3 /Gd /TC /errorReport:queue "C:\projects\getaf\build\_deps\curl-src\CMake\CurlTests.c"
  Microsoft (R) C/C++ Optimizing Compiler Version 19.44.35217 for x64
  Copyright (C) Microsoft Corporation.  All rights reserved.
  cl /c /Zi /W3 /WX- /diagnostics:column /Od /Ob0 /D _MBCS /D WIN32 /D _WINDOWS /D HAVE_IOCTLSOCKET_CAMEL /D HAVE_WINDOWS_H /D HAVE_WS2TCPIP_H /D HAVE_WINSOCK2_H /D HAVE_INTTYPES_H /D HAVE_SYS_STAT_H /D HAVE_SYS_TYPES_H /D HAVE_SYS_UTIME_H /D HAVE_FCNTL_H /D HAVE_IO_H /D HAVE_LOCALE_H /D HAVE_STDBOOL_H /D HAVE_STDINT_H /D "CMAKE_INTDIR=\"Debug\"" /RTC1 /MDd /GS /fp:precise /Fo"cmTC_25be0.dir\Debug\\" /Fd"cmTC_25be0.dir\Debug\vc143.pdb" /external:W3 /Gd /TC /errorReport:queue "C:\projects\getaf\build\_deps\curl-src\CMake\CurlTests.c"
  CurlTests.c
C:\projects\getaf\build\_deps\curl-src\CMake\CurlTests.c(228,13): warning C4013: 'IoctlSocket' undefined; assuming extern returning int [C:\projects\getaf\build\CMakeFiles\CMakeTmp\cmTC_25be0.vcxproj]
Link:
  C:\Program Files\Microsoft Visual Studio\2022\Community\VC\Tools\MSVC\14.44.35207\bin\HostX64\x64\link.exe /OUT:"C:\projects\getaf\build\CMakeFiles\CMakeTmp\Debug\cmTC_25be0.exe" /INCREMENTAL /ILK:"cmTC_25be0.dir\Debug\cmTC_25be0.ilk" /NOLOGO ws2_32.lib kernel32.lib user32.lib gdi32.lib winspool.lib shell32.lib ole32.lib oleaut32.lib uuid.lib comdlg32.lib advapi32.lib /MANIFEST /MANIFESTUAC:"level='asInvoker' uiAccess='false'" /manifest:embed /DEBUG /PDB:"C:/projects/getaf/build/CMakeFiles/CMakeTmp/Debug/cmTC_25be0.pdb" /SUBSYSTEM:CONSOLE /TLBID:1 /IMPLIB:"C:/projects/getaf/build/CMakeFiles/CMakeTmp/Debug/cmTC_25be0.lib" /MACHINE:X64  /machine:x64 cmTC_25be0.dir\Debug\CurlTests.obj
CurlTests.obj : error LNK2019: unresolved external symbol IoctlSocket referenced in function main [C:\projects\getaf\build\CMakeFiles\CMakeTmp\cmTC_25be0.vcxproj]
C:\projects\getaf\build\CMakeFiles\CMakeTmp\Debug\cmTC_25be0.exe : fatal error LNK1120: 1 unresolved externals [C:\projects\getaf\build\CMakeFiles\CMakeTmp\cmTC_25be0.vcxproj]
Done Building Project "C:\projects\getaf\build\CMakeFiles\CMakeTmp\cmTC_25be0.vcxproj" (default targets) -- FAILED.

Build FAILED.

"C:\projects\getaf\build\CMakeFiles\CMakeTmp\cmTC_25be0.vcxproj" (default target) (1) ->
(ClCompile target) -> 
  C:\projects\getaf\build\_deps\curl-src\CMake\CurlTests.c(228,13): warning C4013: 'IoctlSocket' undefined; assuming extern returning int [C:\projects\getaf\build\CMakeFiles\CMakeTmp\cmTC_25be0.vcxproj]


"C:\projects\getaf\build\CMakeFiles\CMakeTmp\cmTC_25be0.vcxproj" (default target) (1) ->
(Link target) -> 
  CurlTests.obj : error LNK2019: unresolved external symbol IoctlSocket referenced in function main [C:\projects\getaf\build\CMakeFiles\CMakeTmp\cmTC_25be0.vcxproj]
  C:\projects\getaf\build\CMakeFiles\CMakeTmp\Debug\cmTC_25be0.exe : fatal error LNK1120: 1 unresolved externals [C:\projects\getaf\build\CMakeFiles\CMakeTmp\cmTC_25be0.vcxproj]

    1 Warning(s)
    2 Error(s)

Time Elapsed 00:00:02.55


Performing Curl Test HAVE_IOCTLSOCKET_CAMEL_FIONBIO failed with the following output:
Change Dir: 'C:/projects/getaf/build/CMakeFiles/CMakeTmp'

Run Build Command(s): "C:/Program Files/Microsoft Visual Studio/2022/Community/MSBuild/Current/Bin/amd64/MSBuild.exe" cmTC_0992f.vcxproj /p:Configuration=Debug /p:Platform=x64 /p:VisualStudioVersion=17.0 /v:n
MSBuild version 17.14.23+b0019275e for .NET Framework
Build started 9/17/2025 9:44:42 PM.

Project "C:\projects\getaf\build\CMakeFiles\CMakeTmp\cmTC_0992f.vcxproj" on node 1 (default targets).
PrepareForBuild:
  Creating directory "cmTC_0992f.dir\Debug\".
  Structured output is enabled. The formatting of compiler diagnostics will reflect the error hierarchy. See https://aka.ms/cpp/structured-output for more details.
  Creating directory "C:\projects\getaf\build\CMakeFiles\CMakeTmp\Debug\".
  Creating directory "cmTC_0992f.dir\Debug\cmTC_0992f.tlog\".
InitializeBuildStatus:
  Creating "cmTC_0992f.dir\Debug\cmTC_0992f.tlog\unsuccessfulbuild" because "AlwaysCreate" was specified.
  Touching "cmTC_0992f.dir\Debug\cmTC_0992f.tlog\unsuccessfulbuild".
ClCompile:
  C:\Program Files\Microsoft Visual Studio\2022\Community\VC\Tools\MSVC\14.44.35207\bin\HostX64\x64\CL.exe /c /Zi /W3 /WX- /diagnostics:column /Od /Ob0 /D _MBCS /D WIN32 /D _WINDOWS /D HAVE_IOCTLSOCKET_CAMEL_FIONBIO /D HAVE_WINDOWS_H /D HAVE_WS2TCPIP_H /D HAVE_WINSOCK2_H /D HAVE_INTTYPES_H /D HAVE_SYS_STAT_H /D HAVE_SYS_TYPES_H /D HAVE_SYS_UTIME_H /D HAVE_FCNTL_H /D HAVE_IO_H /D HAVE_LOCALE_H /D HAVE_STDBOOL_H /D HAVE_STDINT_H /D "CMAKE_INTDIR=\"Debug\"" /RTC1 /MDd /GS /fp:precise /Fo"cmTC_0992f.dir\Debug\\" /Fd"cmTC_0992f.dir\Debug\vc143.pdb" /external:W3 /Gd /TC /errorReport:queue "C:\projects\getaf\build\_deps\curl-src\CMake\CurlTests.c"
  Microsoft (R) C/C++ Optimizing Compiler Version 19.44.35217 for x64
  Copyright (C) Microsoft Corporation.  All rights reserved.
  cl /c /Zi /W3 /WX- /diagnostics:column /Od /Ob0 /D _MBCS /D WIN32 /D _WINDOWS /D HAVE_IOCTLSOCKET_CAMEL_FIONBIO /D HAVE_WINDOWS_H /D HAVE_WS2TCPIP_H /D HAVE_WINSOCK2_H /D HAVE_INTTYPES_H /D HAVE_SYS_STAT_H /D HAVE_SYS_TYPES_H /D HAVE_SYS_UTIME_H /D HAVE_FCNTL_H /D HAVE_IO_H /D HAVE_LOCALE_H /D HAVE_STDBOOL_H /D HAVE_STDINT_H /D "CMAKE_INTDIR=\"Debug\"" /RTC1 /MDd /GS /fp:precise /Fo"cmTC_0992f.dir\Debug\\" /Fd"cmTC_0992f.dir\Debug\vc143.pdb" /external:W3 /Gd /TC /errorReport:queue "C:\projects\getaf\build\_deps\curl-src\CMake\CurlTests.c"
  CurlTests.c
C:\projects\getaf\build\_deps\curl-src\CMake\CurlTests.c(252,17): warning C4013: 'IoctlSocket' undefined; assuming extern returning int [C:\projects\getaf\build\CMakeFiles\CMakeTmp\cmTC_0992f.vcxproj]
Link:
  C:\Program Files\Microsoft Visual Studio\2022\Community\VC\Tools\MSVC\14.44.35207\bin\HostX64\x64\link.exe /OUT:"C:\projects\getaf\build\CMakeFiles\CMakeTmp\Debug\cmTC_0992f.exe" /INCREMENTAL /ILK:"cmTC_0992f.dir\Debug\cmTC_0992f.ilk" /NOLOGO ws2_32.lib kernel32.lib user32.lib gdi32.lib winspool.lib shell32.lib ole32.lib oleaut32.lib uuid.lib comdlg32.lib advapi32.lib /MANIFEST /MANIFESTUAC:"level='asInvoker' uiAccess='false'" /manifest:embed /DEBUG /PDB:"C:/projects/getaf/build/CMakeFiles/CMakeTmp/Debug/cmTC_0992f.pdb" /SUBSYSTEM:CONSOLE /TLBID:1 /IMPLIB:"C:/projects/getaf/build/CMakeFiles/CMakeTmp/Debug/cmTC_0992f.lib" /MACHINE:X64  /machine:x64 cmTC_0992f.dir\Debug\CurlTests.obj
CurlTests.obj : error LNK2019: unresolved external symbol IoctlSocket referenced in function main [C:\projects\getaf\build\CMakeFiles\CMakeTmp\cmTC_0992f.vcxproj]
C:\projects\getaf\build\CMakeFiles\CMakeTmp\Debug\cmTC_0992f.exe : fatal error LNK1120: 1 unresolved externals [C:\projects\getaf\build\CMakeFiles\CMakeTmp\cmTC_0992f.vcxproj]
Done Building Project "C:\projects\getaf\build\CMakeFiles\CMakeTmp\cmTC_0992f.vcxproj" (default targets) -- FAILED.

Build FAILED.

"C:\projects\getaf\build\CMakeFiles\CMakeTmp\cmTC_0992f.vcxproj" (default target) (1) ->
(ClCompile target) -> 
  C:\projects\getaf\build\_deps\curl-src\CMake\CurlTests.c(252,17): warning C4013: 'IoctlSocket' undefined; assuming extern returning int [C:\projects\getaf\build\CMakeFiles\CMakeTmp\cmTC_0992f.vcxproj]


"C:\projects\getaf\build\CMakeFiles\CMakeTmp\cmTC_0992f.vcxproj" (default target) (1) ->
(Link target) -> 
  CurlTests.obj : error LNK2019: unresolved external symbol IoctlSocket referenced in function main [C:\projects\getaf\build\CMakeFiles\CMakeTmp\cmTC_0992f.vcxproj]
  C:\projects\getaf\build\CMakeFiles\CMakeTmp\Debug\cmTC_0992f.exe : fatal error LNK1120: 1 unresolved externals [C:\projects\getaf\build\CMakeFiles\CMakeTmp\cmTC_0992f.vcxproj]

    1 Warning(s)
    2 Error(s)

Time Elapsed 00:00:03.07


Performing Curl Test HAVE_IOCTL_FIONBIO failed with the following output:
Change Dir: 'C:/projects/getaf/build/CMakeFiles/CMakeTmp'

Run Build Command(s): "C:/Program Files/Microsoft Visual Studio/2022/Community/MSBuild/Current/Bin/amd64/MSBuild.exe" cmTC_dfcde.vcxproj /p:Configuration=Debug /p:Platform=x64 /p:VisualStudioVersion=17.0 /v:n
MSBuild version 17.14.23+b0019275e for .NET Framework
Build started 9/17/2025 9:44:49 PM.

Project "C:\projects\getaf\build\CMakeFiles\CMakeTmp\cmTC_dfcde.vcxproj" on node 1 (default targets).
PrepareForBuild:
  Creating directory "cmTC_dfcde.dir\Debug\".
  Structured output is enabled. The formatting of compiler diagnostics will reflect the error hierarchy. See https://aka.ms/cpp/structured-output for more details.
  Creating directory "C:\projects\getaf\build\CMakeFiles\CMakeTmp\Debug\".
  Creating directory "cmTC_dfcde.dir\Debug\cmTC_dfcde.tlog\".
InitializeBuildStatus:
  Creating "cmTC_dfcde.dir\Debug\cmTC_dfcde.tlog\unsuccessfulbuild" because "AlwaysCreate" was specified.
  Touching "cmTC_dfcde.dir\Debug\cmTC_dfcde.tlog\unsuccessfulbuild".
ClCompile:
  C:\Program Files\Microsoft Visual Studio\2022\Community\VC\Tools\MSVC\14.44.35207\bin\HostX64\x64\CL.exe /c /Zi /W3 /WX- /diagnostics:column /Od /Ob0 /D _MBCS /D WIN32 /D _WINDOWS /D HAVE_IOCTL_FIONBIO /D HAVE_WINDOWS_H /D HAVE_WS2TCPIP_H /D HAVE_WINSOCK2_H /D HAVE_INTTYPES_H /D HAVE_SYS_STAT_H /D HAVE_SYS_TYPES_H /D HAVE_SYS_UTIME_H /D HAVE_FCNTL_H /D HAVE_IO_H /D HAVE_LOCALE_H /D HAVE_STDBOOL_H /D HAVE_STDINT_H /D "CMAKE_INTDIR=\"Debug\"" /RTC1 /MDd /GS /fp:precise /Fo"cmTC_dfcde.dir\Debug\\" /Fd"cmTC_dfcde.dir\Debug\vc143.pdb" /external:W3 /Gd /TC /errorReport:queue "C:\projects\getaf\build\_deps\curl-src\CMake\CurlTests.c"
  Microsoft (R) C/C++ Optimizing Compiler Version 19.44.35217 for x64
  Copyright (C) Microsoft Corporation.  All rights reserved.
  cl /c /Zi /W3 /WX- /diagnostics:column /Od /Ob0 /D _MBCS /D WIN32 /D _WINDOWS /D HAVE_IOCTL_FIONBIO /D HAVE_WINDOWS_H /D HAVE_WS2TCPIP_H /D HAVE_WINSOCK2_H /D HAVE_INTTYPES_H /D HAVE_SYS_STAT_H /D HAVE_SYS_TYPES_H /D HAVE_SYS_UTIME_H /D HAVE_FCNTL_H /D HAVE_IO_H /D HAVE_LOCALE_H /D HAVE_STDBOOL_H /D HAVE_STDINT_H /D "CMAKE_INTDIR=\"Debug\"" /RTC1 /MDd /GS /fp:precise /Fo"cmTC_dfcde.dir\Debug\\" /Fd"cmTC_dfcde.dir\Debug\vc143.pdb" /external:W3 /Gd /TC /errorReport:queue "C:\projects\getaf\build\_deps\curl-src\CMake\CurlTests.c"
  CurlTests.c
C:\projects\getaf\build\_deps\curl-src\CMake\CurlTests.c(306,17): warning C4013: 'ioctl' undefined; assuming extern returning int [C:\projects\getaf\build\CMakeFiles\CMakeTmp\cmTC_dfcde.vcxproj]
C:\projects\getaf\build\_deps\curl-src\CMake\CurlTests.c(306,26): error C2065: 'FIONBIO': undeclared identifier [C:\projects\getaf\build\CMakeFiles\CMakeTmp\cmTC_dfcde.vcxproj]
Done Building Project "C:\projects\getaf\build\CMakeFiles\CMakeTmp\cmTC_dfcde.vcxproj" (default targets) -- FAILED.

Build FAILED.

"C:\projects\getaf\build\CMakeFiles\CMakeTmp\cmTC_dfcde.vcxproj" (default target) (1) ->
(ClCompile target) -> 
  C:\projects\getaf\build\_deps\curl-src\CMake\CurlTests.c(306,17): warning C4013: 'ioctl' undefined; assuming extern returning int [C:\projects\getaf\build\CMakeFiles\CMakeTmp\cmTC_dfcde.vcxproj]


"C:\projects\getaf\build\CMakeFiles\CMakeTmp\cmTC_dfcde.vcxproj" (default target) (1) ->
(ClCompile target) -> 
  C:\projects\getaf\build\_deps\curl-src\CMake\CurlTests.c(306,26): error C2065: 'FIONBIO': undeclared identifier [C:\projects\getaf\build\CMakeFiles\CMakeTmp\cmTC_dfcde.vcxproj]

    1 Warning(s)
    1 Error(s)

Time Elapsed 00:00:02.61


Performing Curl Test HAVE_SETSOCKOPT_SO_NONBLOCK failed with the following output:
Change Dir: 'C:/projects/getaf/build/CMakeFiles/CMakeTmp'

Run Build Command(s): "C:/Program Files/Microsoft Visual Studio/2022/Community/MSBuild/Current/Bin/amd64/MSBuild.exe" cmTC_9601b.vcxproj /p:Configuration=Debug /p:Platform=x64 /p:VisualStudioVersion=17.0 /v:n
MSBuild version 17.14.23+b0019275e for .NET Framework
Build started 9/17/2025 9:44:52 PM.

Project "C:\projects\getaf\build\CMakeFiles\CMakeTmp\cmTC_9601b.vcxproj" on node 1 (default targets).
PrepareForBuild:
  Creating directory "cmTC_9601b.dir\Debug\".
  Structured output is enabled. The formatting of compiler diagnostics will reflect the error hierarchy. See https://aka.ms/cpp/structured-output for more details.
  Creating directory "C:\projects\getaf\build\CMakeFiles\CMakeTmp\Debug\".
  Creating directory "cmTC_9601b.dir\Debug\cmTC_9601b.tlog\".
InitializeBuildStatus:
  Creating "cmTC_9601b.dir\Debug\cmTC_9601b.tlog\unsuccessfulbuild" because "AlwaysCreate" was specified.
  Touching "cmTC_9601b.dir\Debug\cmTC_9601b.tlog\unsuccessfulbuild".
ClCompile:
  C:\Program Files\Microsoft Visual Studio\2022\Community\VC\Tools\MSVC\14.44.35207\bin\HostX64\x64\CL.exe /c /Zi /W3 /WX- /diagnostics:column /Od /Ob0 /D _MBCS /D WIN32 /D _WINDOWS /D HAVE_SETSOCKOPT_SO_NONBLOCK /D HAVE_WINDOWS_H /D HAVE_WS2TCPIP_H /D HAVE_WINSOCK2_H /D HAVE_INTTYPES_H /D HAVE_SYS_STAT_H /D HAVE_SYS_TYPES_H /D HAVE_SYS_UTIME_H /D HAVE_FCNTL_H /D HAVE_IO_H /D HAVE_LOCALE_H /D HAVE_STDBOOL_H /D HAVE_STDINT_H /D "CMAKE_INTDIR=\"Debug\"" /RTC1 /MDd /GS /fp:precise /Fo"cmTC_9601b.dir\Debug\\" /Fd"cmTC_9601b.dir\Debug\vc143.pdb" /external:W3 /Gd /TC /errorReport:queue "C:\projects\getaf\build\_deps\curl-src\CMake\CurlTests.c"
  Microsoft (R) C/C++ Optimizing Compiler Version 19.44.35217 for x64
  Copyright (C) Microsoft Corporation.  All rights reserved.
  cl /c /Zi /W3 /WX- /diagnostics:column /Od /Ob0 /D _MBCS /D WIN32 /D _WINDOWS /D HAVE_SETSOCKOPT_SO_NONBLOCK /D HAVE_WINDOWS_H /D HAVE_WS2TCPIP_H /D HAVE_WINSOCK2_H /D HAVE_INTTYPES_H /D HAVE_SYS_STAT_H /D HAVE_SYS_TYPES_H /D HAVE_SYS_UTIME_H /D HAVE_FCNTL_H /D HAVE_IO_H /D HAVE_LOCALE_H /D HAVE_STDBOOL_H /D HAVE_STDINT_H /D "CMAKE_INTDIR=\"Debug\"" /RTC1 /MDd /GS /fp:precise /Fo"cmTC_9601b.dir\Debug\\" /Fd"cmTC_9601b.dir\Debug\vc143.pdb" /external:W3 /Gd /TC /errorReport:queue "C:\projects\getaf\build\_deps\curl-src\CMake\CurlTests.c"
  CurlTests.c
C:\projects\getaf\build\_deps\curl-src\CMake\CurlTests.c(367,43): error C2065: 'SO_NONBLOCK': undeclared identifier [C:\projects\getaf\build\CMakeFiles\CMakeTmp\cmTC_9601b.vcxproj]
Done Building Project "C:\projects\getaf\build\CMakeFiles\CMakeTmp\cmTC_9601b.vcxproj" (default targets) -- FAILED.

Build FAILED.

"C:\projects\getaf\build\CMakeFiles\CMakeTmp\cmTC_9601b.vcxproj" (default target) (1) ->
(ClCompile target) -> 
  C:\projects\getaf\build\_deps\curl-src\CMake\CurlTests.c(367,43): error C2065: 'SO_NONBLOCK': undeclared identifier [C:\projects\getaf\build\CMakeFiles\CMakeTmp\cmTC_9601b.vcxproj]

    0 Warning(s)
    1 Error(s)

Time Elapsed 00:00:02.48


Performing Curl Test HAVE_FILE_OFFSET_BITS failed with the following output:
Change Dir: 'C:/projects/getaf/build/CMakeFiles/CMakeTmp'

Run Build Command(s): "C:/Program Files/Microsoft Visual Studio/2022/Community/MSBuild/Current/Bin/amd64/MSBuild.exe" cmTC_2a188.vcxproj /p:Configuration=Debug /p:Platform=x64 /p:VisualStudioVersion=17.0 /v:n
MSBuild version 17.14.23+b0019275e for .NET Framework
Build started 9/17/2025 9:44:59 PM.

Project "C:\projects\getaf\build\CMakeFiles\CMakeTmp\cmTC_2a188.vcxproj" on node 1 (default targets).
PrepareForBuild:
  Creating directory "cmTC_2a188.dir\Debug\".
  Structured output is enabled. The formatting of compiler diagnostics will reflect the error hierarchy. See https://aka.ms/cpp/structured-output for more details.
  Creating directory "C:\projects\getaf\build\CMakeFiles\CMakeTmp\Debug\".
  Creating directory "cmTC_2a188.dir\Debug\cmTC_2a188.tlog\".
InitializeBuildStatus:
  Creating "cmTC_2a188.dir\Debug\cmTC_2a188.tlog\unsuccessfulbuild" because "AlwaysCreate" was specified.
  Touching "cmTC_2a188.dir\Debug\cmTC_2a188.tlog\unsuccessfulbuild".
ClCompile:
  C:\Program Files\Microsoft Visual Studio\2022\Community\VC\Tools\MSVC\14.44.35207\bin\HostX64\x64\CL.exe /c /Zi /W3 /WX- /diagnostics:column /Od /Ob0 /D _MBCS /D WIN32 /D _WINDOWS /D HAVE_FILE_OFFSET_BITS /D HAVE_WINDOWS_H /D HAVE_WS2TCPIP_H /D HAVE_WINSOCK2_H /D HAVE_INTTYPES_H /D HAVE_SYS_STAT_H /D HAVE_SYS_TYPES_H /D HAVE_SYS_UTIME_H /D HAVE_FCNTL_H /D HAVE_IO_H /D HAVE_LOCALE_H /D HAVE_STDBOOL_H /D HAVE_STDINT_H /D "CMAKE_INTDIR=\"Debug\"" /RTC1 /MDd /GS /fp:precise /Fo"cmTC_2a188.dir\Debug\\" /Fd"cmTC_2a188.dir\Debug\vc143.pdb" /external:W3 /Gd /TC /errorReport:queue "C:\projects\getaf\build\_deps\curl-src\CMake\CurlTests.c"
  Microsoft (R) C/C++ Optimizing Compiler Version 19.44.35217 for x64
  Copyright (C) Microsoft Corporation.  All rights reserved.
  cl /c /Zi /W3 /WX- /diagnostics:column /Od /Ob0 /D _MBCS /D WIN32 /D _WINDOWS /D HAVE_FILE_OFFSET_BITS /D HAVE_WINDOWS_H /D HAVE_WS2TCPIP_H /D HAVE_WINSOCK2_H /D HAVE_INTTYPES_H /D HAVE_SYS_STAT_H /D HAVE_SYS_TYPES_H /D HAVE_SYS_UTIME_H /D HAVE_FCNTL_H /D HAVE_IO_H /D HAVE_LOCALE_H /D HAVE_STDBOOL_H /D HAVE_STDINT_H /D "CMAKE_INTDIR=\"Debug\"" /RTC1 /MDd /GS /fp:precise /Fo"cmTC_2a188.dir\Debug\\" /Fd"cmTC_2a188.dir\Debug\vc143.pdb" /external:W3 /Gd /TC /errorReport:queue "C:\projects\getaf\build\_deps\curl-src\CMake\CurlTests.c"
  CurlTests.c
C:\projects\getaf\build\_deps\curl-src\CMake\CurlTests.c(181,23): warning C4293: '<<': shift count negative or too big, undefined behavior [C:\projects\getaf\build\CMakeFiles\CMakeTmp\cmTC_2a188.vcxproj]
C:\projects\getaf\build\_deps\curl-src\CMake\CurlTests.c(182,27): warning C4293: '<<': shift count negative or too big, undefined behavior [C:\projects\getaf\build\CMakeFiles\CMakeTmp\cmTC_2a188.vcxproj]
C:\projects\getaf\build\_deps\curl-src\CMake\CurlTests.c(181,7): error C2118: negative subscript [C:\projects\getaf\build\CMakeFiles\CMakeTmp\cmTC_2a188.vcxproj]
C:\projects\getaf\build\_deps\curl-src\CMake\CurlTests.c(181,7): error C2148: total size of array must not exceed 0x7fffffff bytes [C:\projects\getaf\build\CMakeFiles\CMakeTmp\cmTC_2a188.vcxproj]
Done Building Project "C:\projects\getaf\build\CMakeFiles\CMakeTmp\cmTC_2a188.vcxproj" (default targets) -- FAILED.

Build FAILED.

"C:\projects\getaf\build\CMakeFiles\CMakeTmp\cmTC_2a188.vcxproj" (default target) (1) ->
(ClCompile target) -> 
  C:\projects\getaf\build\_deps\curl-src\CMake\CurlTests.c(181,23): warning C4293: '<<': shift count negative or too big, undefined behavior [C:\projects\getaf\build\CMakeFiles\CMakeTmp\cmTC_2a188.vcxproj]
  C:\projects\getaf\build\_deps\curl-src\CMake\CurlTests.c(182,27): warning C4293: '<<': shift count negative or too big, undefined behavior [C:\projects\getaf\build\CMakeFiles\CMakeTmp\cmTC_2a188.vcxproj]


"C:\projects\getaf\build\CMakeFiles\CMakeTmp\cmTC_2a188.vcxproj" (default target) (1) ->
(ClCompile target) -> 
  C:\projects\getaf\build\_deps\curl-src\CMake\CurlTests.c(181,7): error C2118: negative subscript [C:\projects\getaf\build\CMakeFiles\CMakeTmp\cmTC_2a188.vcxproj]
  C:\projects\getaf\build\_deps\curl-src\CMake\CurlTests.c(181,7): error C2148: total size of array must not exceed 0x7fffffff bytes [C:\projects\getaf\build\CMakeFiles\CMakeTmp\cmTC_2a188.vcxproj]

    2 Warning(s)
    2 Error(s)

Time Elapsed 00:00:02.57


Performing Curl Test HAVE_VARIADIC_MACROS_GCC failed with the following output:
Change Dir: 'C:/projects/getaf/build/CMakeFiles/CMakeTmp'

Run Build Command(s): "C:/Program Files/Microsoft Visual Studio/2022/Community/MSBuild/Current/Bin/amd64/MSBuild.exe" cmTC_017f6.vcxproj /p:Configuration=Debug /p:Platform=x64 /p:VisualStudioVersion=17.0 /v:n
MSBuild version 17.14.23+b0019275e for .NET Framework
Build started 9/17/2025 9:45:05 PM.

Project "C:\projects\getaf\build\CMakeFiles\CMakeTmp\cmTC_017f6.vcxproj" on node 1 (default targets).
PrepareForBuild:
  Creating directory "cmTC_017f6.dir\Debug\".
  Structured output is enabled. The formatting of compiler diagnostics will reflect the error hierarchy. See https://aka.ms/cpp/structured-output for more details.
  Creating directory "C:\projects\getaf\build\CMakeFiles\CMakeTmp\Debug\".
  Creating directory "cmTC_017f6.dir\Debug\cmTC_017f6.tlog\".
InitializeBuildStatus:
  Creating "cmTC_017f6.dir\Debug\cmTC_017f6.tlog\unsuccessfulbuild" because "AlwaysCreate" was specified.
  Touching "cmTC_017f6.dir\Debug\cmTC_017f6.tlog\unsuccessfulbuild".
ClCompile:
  C:\Program Files\Microsoft Visual Studio\2022\Community\VC\Tools\MSVC\14.44.35207\bin\HostX64\x64\CL.exe /c /Zi /W3 /WX- /diagnostics:column /Od /Ob0 /D _MBCS /D WIN32 /D _WINDOWS /D HAVE_VARIADIC_MACROS_GCC /D HAVE_WINDOWS_H /D HAVE_WS2TCPIP_H /D HAVE_WINSOCK2_H /D HAVE_INTTYPES_H /D HAVE_SYS_STAT_H /D HAVE_SYS_TYPES_H /D HAVE_SYS_UTIME_H /D HAVE_FCNTL_H /D HAVE_IO_H /D HAVE_LOCALE_H /D HAVE_STDBOOL_H /D HAVE_STDINT_H /D "CMAKE_INTDIR=\"Debug\"" /RTC1 /MDd /GS /fp:precise /Fo"cmTC_017f6.dir\Debug\\" /Fd"cmTC_017f6.dir\Debug\vc143.pdb" /external:W3 /Gd /TC /errorReport:queue "C:\projects\getaf\build\_deps\curl-src\CMake\CurlTests.c"
  Microsoft (R) C/C++ Optimizing Compiler Version 19.44.35217 for x64
  Copyright (C) Microsoft Corporation.  All rights reserved.
  cl /c /Zi /W3 /WX- /diagnostics:column /Od /Ob0 /D _MBCS /D WIN32 /D _WINDOWS /D HAVE_VARIADIC_MACROS_GCC /D HAVE_WINDOWS_H /D HAVE_WS2TCPIP_H /D HAVE_WINSOCK2_H /D HAVE_INTTYPES_H /D HAVE_SYS_STAT_H /D HAVE_SYS_TYPES_H /D HAVE_SYS_UTIME_H /D HAVE_FCNTL_H /D HAVE_IO_H /D HAVE_LOCALE_H /D HAVE_STDBOOL_H /D HAVE_STDINT_H /D "CMAKE_INTDIR=\"Debug\"" /RTC1 /MDd /GS /fp:precise /Fo"cmTC_017f6.dir\Debug\\" /Fd"cmTC_017f6.dir\Debug\vc143.pdb" /external:W3 /Gd /TC /errorReport:queue "C:\projects\getaf\build\_deps\curl-src\CMake\CurlTests.c"
  CurlTests.c
C:\projects\getaf\build\_deps\curl-src\CMake\CurlTests.c(458,32): error C2010: '.': unexpected in macro parameter list [C:\projects\getaf\build\CMakeFiles\CMakeTmp\cmTC_017f6.vcxproj]
C:\projects\getaf\build\_deps\curl-src\CMake\CurlTests.c(459,32): error C2010: '.': unexpected in macro parameter list [C:\projects\getaf\build\CMakeFiles\CMakeTmp\cmTC_017f6.vcxproj]
Done Building Project "C:\projects\getaf\build\CMakeFiles\CMakeTmp\cmTC_017f6.vcxproj" (default targets) -- FAILED.

Build FAILED.

"C:\projects\getaf\build\CMakeFiles\CMakeTmp\cmTC_017f6.vcxproj" (default target) (1) ->
(ClCompile target) -> 
  C:\projects\getaf\build\_deps\curl-src\CMake\CurlTests.c(458,32): error C2010: '.': unexpected in macro parameter list [C:\projects\getaf\build\CMakeFiles\CMakeTmp\cmTC_017f6.vcxproj]
  C:\projects\getaf\build\_deps\curl-src\CMake\CurlTests.c(459,32): error C2010: '.': unexpected in macro parameter list [C:\projects\getaf\build\CMakeFiles\CMakeTmp\cmTC_017f6.vcxproj]

    0 Warning(s)
    2 Error(s)

Time Elapsed 00:00:02.53


Performing Curl Test HAVE_ATOMIC failed with the following output:
Change Dir: 'C:/projects/getaf/build/CMakeFiles/CMakeTmp'

Run Build Command(s): "C:/Program Files/Microsoft Visual Studio/2022/Community/MSBuild/Current/Bin/amd64/MSBuild.exe" cmTC_7e871.vcxproj /p:Configuration=Debug /p:Platform=x64 /p:VisualStudioVersion=17.0 /v:n
MSBuild version 17.14.23+b0019275e for .NET Framework
Build started 9/17/2025 9:45:09 PM.

Project "C:\projects\getaf\build\CMakeFiles\CMakeTmp\cmTC_7e871.vcxproj" on node 1 (default targets).
PrepareForBuild:
  Creating directory "cmTC_7e871.dir\Debug\".
  Structured output is enabled. The formatting of compiler diagnostics will reflect the error hierarchy. See https://aka.ms/cpp/structured-output for more details.
  Creating directory "C:\projects\getaf\build\CMakeFiles\CMakeTmp\Debug\".
  Creating directory "cmTC_7e871.dir\Debug\cmTC_7e871.tlog\".
InitializeBuildStatus:
  Creating "cmTC_7e871.dir\Debug\cmTC_7e871.tlog\unsuccessfulbuild" because "AlwaysCreate" was specified.
  Touching "cmTC_7e871.dir\Debug\cmTC_7e871.tlog\unsuccessfulbuild".
ClCompile:
  C:\Program Files\Microsoft Visual Studio\2022\Community\VC\Tools\MSVC\14.44.35207\bin\HostX64\x64\CL.exe /c /Zi /W3 /WX- /diagnostics:column /Od /Ob0 /D _MBCS /D WIN32 /D _WINDOWS /D HAVE_ATOMIC /D HAVE_WINDOWS_H /D HAVE_WS2TCPIP_H /D HAVE_WINSOCK2_H /D HAVE_INTTYPES_H /D HAVE_SYS_STAT_H /D HAVE_SYS_TYPES_H /D HAVE_SYS_UTIME_H /D HAVE_FCNTL_H /D HAVE_IO_H /D HAVE_LOCALE_H /D HAVE_STDBOOL_H /D HAVE_STDINT_H /D "CMAKE_INTDIR=\"Debug\"" /RTC1 /MDd /GS /fp:precise /Fo"cmTC_7e871.dir\Debug\\" /Fd"cmTC_7e871.dir\Debug\vc143.pdb" /external:W3 /Gd /TC /errorReport:queue "C:\projects\getaf\build\_deps\curl-src\CMake\CurlTests.c"
  Microsoft (R) C/C++ Optimizing Compiler Version 19.44.35217 for x64
  Copyright (C) Microsoft Corporation.  All rights reserved.
  cl /c /Zi /W3 /WX- /diagnostics:column /Od /Ob0 /D _MBCS /D WIN32 /D _WINDOWS /D HAVE_ATOMIC /D HAVE_WINDOWS_H /D HAVE_WS2TCPIP_H /D HAVE_WINSOCK2_H /D HAVE_INTTYPES_H /D HAVE_SYS_STAT_H /D HAVE_SYS_TYPES_H /D HAVE_SYS_UTIME_H /D HAVE_FCNTL_H /D HAVE_IO_H /D HAVE_LOCALE_H /D HAVE_STDBOOL_H /D HAVE_STDINT_H /D "CMAKE_INTDIR=\"Debug\"" /RTC1 /MDd /GS /fp:precise /Fo"cmTC_7e871.dir\Debug\\" /Fd"cmTC_7e871.dir\Debug\vc143.pdb" /external:W3 /Gd /TC /errorReport:queue "C:\projects\getaf\build\_deps\curl-src\CMake\CurlTests.c"
  CurlTests.c
C:\projects\getaf\build\_deps\curl-src\CMake\CurlTests.c(495,3): error C2065: '_Atomic': undeclared identifier [C:\projects\getaf\build\CMakeFiles\CMakeTmp\cmTC_7e871.vcxproj]
C:\projects\getaf\build\_deps\curl-src\CMake\CurlTests.c(495,11): error C2143: syntax error: missing ';' before 'type' [C:\projects\getaf\build\CMakeFiles\CMakeTmp\cmTC_7e871.vcxproj]
Done Building Project "C:\projects\getaf\build\CMakeFiles\CMakeTmp\cmTC_7e871.vcxproj" (default targets) -- FAILED.

Build FAILED.

"C:\projects\getaf\build\CMakeFiles\CMakeTmp\cmTC_7e871.vcxproj" (default target) (1) ->
(ClCompile target) -> 
  C:\projects\getaf\build\_deps\curl-src\CMake\CurlTests.c(495,3): error C2065: '_Atomic': undeclared identifier [C:\projects\getaf\build\CMakeFiles\CMakeTmp\cmTC_7e871.vcxproj]
  C:\projects\getaf\build\_deps\curl-src\CMake\CurlTests.c(495,11): error C2143: syntax error: missing ';' before 'type' [C:\projects\getaf\build\CMakeFiles\CMakeTmp\cmTC_7e871.vcxproj]

    0 Warning(s)
    2 Error(s)

Time Elapsed 00:00:02.05


Performing Curl Test HAVE_POSIX_STRERROR_R failed with the following output:
Change Dir: 'C:/projects/getaf/build/CMakeFiles/CMakeTmp'

Run Build Command(s): "C:/Program Files/Microsoft Visual Studio/2022/Community/MSBuild/Current/Bin/amd64/MSBuild.exe" cmTC_1b9df.vcxproj /p:Configuration=Debug /p:Platform=x64 /p:VisualStudioVersion=17.0 /v:n
MSBuild version 17.14.23+b0019275e for .NET Framework
Build started 9/17/2025 9:45:27 PM.

Project "C:\projects\getaf\build\CMakeFiles\CMakeTmp\cmTC_1b9df.vcxproj" on node 1 (default targets).
PrepareForBuild:
  Creating directory "cmTC_1b9df.dir\Debug\".
  Structured output is enabled. The formatting of compiler diagnostics will reflect the error hierarchy. See https://aka.ms/cpp/structured-output for more details.
  Creating directory "C:\projects\getaf\build\CMakeFiles\CMakeTmp\Debug\".
  Creating directory "cmTC_1b9df.dir\Debug\cmTC_1b9df.tlog\".
InitializeBuildStatus:
  Creating "cmTC_1b9df.dir\Debug\cmTC_1b9df.tlog\unsuccessfulbuild" because "AlwaysCreate" was specified.
  Touching "cmTC_1b9df.dir\Debug\cmTC_1b9df.tlog\unsuccessfulbuild".
ClCompile:
  C:\Program Files\Microsoft Visual Studio\2022\Community\VC\Tools\MSVC\14.44.35207\bin\HostX64\x64\CL.exe /c /Zi /W3 /WX- /diagnostics:column /Od /Ob0 /D _MBCS /D WIN32 /D _WINDOWS /D HAVE_POSIX_STRERROR_R /D HAVE_WINDOWS_H /D HAVE_WS2TCPIP_H /D HAVE_WINSOCK2_H /D HAVE_INTTYPES_H /D HAVE_SYS_STAT_H /D HAVE_SYS_TYPES_H /D HAVE_SYS_UTIME_H /D HAVE_FCNTL_H /D HAVE_IO_H /D HAVE_LOCALE_H /D HAVE_STDBOOL_H /D HAVE_STDINT_H /D "CMAKE_INTDIR=\"Debug\"" /RTC1 /MDd /GS /fp:precise /Fo"cmTC_1b9df.dir\Debug\\" /Fd"cmTC_1b9df.dir\Debug\vc143.pdb" /external:W3 /Gd /TC /errorReport:queue "C:\projects\getaf\build\_deps\curl-src\CMake\CurlTests.c"
  Microsoft (R) C/C++ Optimizing Compiler Version 19.44.35217 for x64
  Copyright (C) Microsoft Corporation.  All rights reserved.
  cl /c /Zi /W3 /WX- /diagnostics:column /Od /Ob0 /D _MBCS /D WIN32 /D _WINDOWS /D HAVE_POSIX_STRERROR_R /D HAVE_WINDOWS_H /D HAVE_WS2TCPIP_H /D HAVE_WINSOCK2_H /D HAVE_INTTYPES_H /D HAVE_SYS_STAT_H /D HAVE_SYS_TYPES_H /D HAVE_SYS_UTIME_H /D HAVE_FCNTL_H /D HAVE_IO_H /D HAVE_LOCALE_H /D HAVE_STDBOOL_H /D HAVE_STDINT_H /D "CMAKE_INTDIR=\"Debug\"" /RTC1 /MDd /GS /fp:precise /Fo"cmTC_1b9df.dir\Debug\\" /Fd"cmTC_1b9df.dir\Debug\vc143.pdb" /external:W3 /Gd /TC /errorReport:queue "C:\projects\getaf\build\_deps\curl-src\CMake\CurlTests.c"
  CurlTests.c
C:\projects\getaf\build\_deps\curl-src\CMake\CurlTests.c(398,9): warning C4013: 'strerror_r' undefined; assuming extern returning int [C:\projects\getaf\build\CMakeFiles\CMakeTmp\cmTC_1b9df.vcxproj]
C:\projects\getaf\build\_deps\curl-src\CMake\CurlTests.c(398,9): warning C4244: 'function': conversion from 'int' to 'float', possible loss of data [C:\projects\getaf\build\CMakeFiles\CMakeTmp\cmTC_1b9df.vcxproj]
Link:
  C:\Program Files\Microsoft Visual Studio\2022\Community\VC\Tools\MSVC\14.44.35207\bin\HostX64\x64\link.exe /OUT:"C:\projects\getaf\build\CMakeFiles\CMakeTmp\Debug\cmTC_1b9df.exe" /INCREMENTAL /ILK:"cmTC_1b9df.dir\Debug\cmTC_1b9df.ilk" /NOLOGO ws2_32.lib kernel32.lib user32.lib gdi32.lib winspool.lib shell32.lib ole32.lib oleaut32.lib uuid.lib comdlg32.lib advapi32.lib /MANIFEST /MANIFESTUAC:"level='asInvoker' uiAccess='false'" /manifest:embed /DEBUG /PDB:"C:/projects/getaf/build/CMakeFiles/CMakeTmp/Debug/cmTC_1b9df.pdb" /SUBSYSTEM:CONSOLE /TLBID:1 /IMPLIB:"C:/projects/getaf/build/CMakeFiles/CMakeTmp/Debug/cmTC_1b9df.lib" /MACHINE:X64  /machine:x64 cmTC_1b9df.dir\Debug\CurlTests.obj
CurlTests.obj : error LNK2019: unresolved external symbol strerror_r referenced in function main [C:\projects\getaf\build\CMakeFiles\CMakeTmp\cmTC_1b9df.vcxproj]
C:\projects\getaf\build\CMakeFiles\CMakeTmp\Debug\cmTC_1b9df.exe : fatal error LNK1120: 1 unresolved externals [C:\projects\getaf\build\CMakeFiles\CMakeTmp\cmTC_1b9df.vcxproj]
Done Building Project "C:\projects\getaf\build\CMakeFiles\CMakeTmp\cmTC_1b9df.vcxproj" (default targets) -- FAILED.

Build FAILED.

"C:\projects\getaf\build\CMakeFiles\CMakeTmp\cmTC_1b9df.vcxproj" (default target) (1) ->
(ClCompile target) -> 
  C:\projects\getaf\build\_deps\curl-src\CMake\CurlTests.c(398,9): warning C4013: 'strerror_r' undefined; assuming extern returning int [C:\projects\getaf\build\CMakeFiles\CMakeTmp\cmTC_1b9df.vcxproj]
  C:\projects\getaf\build\_deps\curl-src\CMake\CurlTests.c(398,9): warning C4244: 'function': conversion from 'int' to 'float', possible loss of data [C:\projects\getaf\build\CMakeFiles\CMakeTmp\cmTC_1b9df.vcxproj]


"C:\projects\getaf\build\CMakeFiles\CMakeTmp\cmTC_1b9df.vcxproj" (default target) (1) ->
(Link target) -> 
  CurlTests.obj : error LNK2019: unresolved external symbol strerror_r referenced in function main [C:\projects\getaf\build\CMakeFiles\CMakeTmp\cmTC_1b9df.vcxproj]
  C:\projects\getaf\build\CMakeFiles\CMakeTmp\Debug\cmTC_1b9df.exe : fatal error LNK1120: 1 unresolved externals [C:\projects\getaf\build\CMakeFiles\CMakeTmp\cmTC_1b9df.vcxproj]

    2 Warning(s)
    2 Error(s)

Time Elapsed 00:00:03.42


Performing Curl Test HAVE_CLOCK_GETTIME_MONOTONIC failed with the following output:
Change Dir: 'C:/projects/getaf/build/CMakeFiles/CMakeTmp'

Run Build Command(s): "C:/Program Files/Microsoft Visual Studio/2022/Community/MSBuild/Current/Bin/amd64/MSBuild.exe" cmTC_c2914.vcxproj /p:Configuration=Debug /p:Platform=x64 /p:VisualStudioVersion=17.0 /v:n
MSBuild version 17.14.23+b0019275e for .NET Framework
Build started 9/17/2025 9:45:31 PM.

Project "C:\projects\getaf\build\CMakeFiles\CMakeTmp\cmTC_c2914.vcxproj" on node 1 (default targets).
PrepareForBuild:
  Creating directory "cmTC_c2914.dir\Debug\".
  Structured output is enabled. The formatting of compiler diagnostics will reflect the error hierarchy. See https://aka.ms/cpp/structured-output for more details.
  Creating directory "C:\projects\getaf\build\CMakeFiles\CMakeTmp\Debug\".
  Creating directory "cmTC_c2914.dir\Debug\cmTC_c2914.tlog\".
InitializeBuildStatus:
  Creating "cmTC_c2914.dir\Debug\cmTC_c2914.tlog\unsuccessfulbuild" because "AlwaysCreate" was specified.
  Touching "cmTC_c2914.dir\Debug\cmTC_c2914.tlog\unsuccessfulbuild".
ClCompile:
  C:\Program Files\Microsoft Visual Studio\2022\Community\VC\Tools\MSVC\14.44.35207\bin\HostX64\x64\CL.exe /c /Zi /W3 /WX- /diagnostics:column /Od /Ob0 /D _MBCS /D WIN32 /D _WINDOWS /D HAVE_CLOCK_GETTIME_MONOTONIC /D HAVE_WINDOWS_H /D HAVE_WS2TCPIP_H /D HAVE_WINSOCK2_H /D HAVE_INTTYPES_H /D HAVE_SYS_STAT_H /D HAVE_SYS_TYPES_H /D HAVE_SYS_UTIME_H /D HAVE_FCNTL_H /D HAVE_IO_H /D HAVE_LOCALE_H /D HAVE_STDBOOL_H /D HAVE_STDINT_H /D "CMAKE_INTDIR=\"Debug\"" /RTC1 /MDd /GS /fp:precise /Fo"cmTC_c2914.dir\Debug\\" /Fd"cmTC_c2914.dir\Debug\vc143.pdb" /external:W3 /Gd /TC /errorReport:queue "C:\projects\getaf\build\_deps\curl-src\CMake\CurlTests.c"
  Microsoft (R) C/C++ Optimizing Compiler Version 19.44.35217 for x64
  Copyright (C) Microsoft Corporation.  All rights reserved.
  cl /c /Zi /W3 /WX- /diagnostics:column /Od /Ob0 /D _MBCS /D WIN32 /D _WINDOWS /D HAVE_CLOCK_GETTIME_MONOTONIC /D HAVE_WINDOWS_H /D HAVE_WS2TCPIP_H /D HAVE_WINSOCK2_H /D HAVE_INTTYPES_H /D HAVE_SYS_STAT_H /D HAVE_SYS_TYPES_H /D HAVE_SYS_UTIME_H /D HAVE_FCNTL_H /D HAVE_IO_H /D HAVE_LOCALE_H /D HAVE_STDBOOL_H /D HAVE_STDINT_H /D "CMAKE_INTDIR=\"Debug\"" /RTC1 /MDd /GS /fp:precise /Fo"cmTC_c2914.dir\Debug\\" /Fd"cmTC_c2914.dir\Debug\vc143.pdb" /external:W3 /Gd /TC /errorReport:queue "C:\projects\getaf\build\_deps\curl-src\CMake\CurlTests.c"
  CurlTests.c
C:\projects\getaf\build\_deps\curl-src\CMake\CurlTests.c(423,3): warning C4013: 'clock_gettime' undefined; assuming extern returning int [C:\projects\getaf\build\CMakeFiles\CMakeTmp\cmTC_c2914.vcxproj]
C:\projects\getaf\build\_deps\curl-src\CMake\CurlTests.c(423,17): error C2065: 'CLOCK_MONOTONIC': undeclared identifier [C:\projects\getaf\build\CMakeFiles\CMakeTmp\cmTC_c2914.vcxproj]
Done Building Project "C:\projects\getaf\build\CMakeFiles\CMakeTmp\cmTC_c2914.vcxproj" (default targets) -- FAILED.

Build FAILED.

"C:\projects\getaf\build\CMakeFiles\CMakeTmp\cmTC_c2914.vcxproj" (default target) (1) ->
(ClCompile target) -> 
  C:\projects\getaf\build\_deps\curl-src\CMake\CurlTests.c(423,3): warning C4013: 'clock_gettime' undefined; assuming extern returning int [C:\projects\getaf\build\CMakeFiles\CMakeTmp\cmTC_c2914.vcxproj]


"C:\projects\getaf\build\CMakeFiles\CMakeTmp\cmTC_c2914.vcxproj" (default target) (1) ->
(ClCompile target) -> 
  C:\projects\getaf\build\_deps\curl-src\CMake\CurlTests.c(423,17): error C2065: 'CLOCK_MONOTONIC': undeclared identifier [C:\projects\getaf\build\CMakeFiles\CMakeTmp\cmTC_c2914.vcxproj]

    1 Warning(s)
    1 Error(s)

Time Elapsed 00:00:02.64


Performing Curl Test HAVE_BUILTIN_AVAILABLE failed with the following output:
Change Dir: 'C:/projects/getaf/build/CMakeFiles/CMakeTmp'

Run Build Command(s): "C:/Program Files/Microsoft Visual Studio/2022/Community/MSBuild/Current/Bin/amd64/MSBuild.exe" cmTC_29fd8.vcxproj /p:Configuration=Debug /p:Platform=x64 /p:VisualStudioVersion=17.0 /v:n
MSBuild version 17.14.23+b0019275e for .NET Framework
Build started 9/17/2025 9:45:35 PM.

Project "C:\projects\getaf\build\CMakeFiles\CMakeTmp\cmTC_29fd8.vcxproj" on node 1 (default targets).
PrepareForBuild:
  Creating directory "cmTC_29fd8.dir\Debug\".
  Structured output is enabled. The formatting of compiler diagnostics will reflect the error hierarchy. See https://aka.ms/cpp/structured-output for more details.
  Creating directory "C:\projects\getaf\build\CMakeFiles\CMakeTmp\Debug\".
  Creating directory "cmTC_29fd8.dir\Debug\cmTC_29fd8.tlog\".
InitializeBuildStatus:
  Creating "cmTC_29fd8.dir\Debug\cmTC_29fd8.tlog\unsuccessfulbuild" because "AlwaysCreate" was specified.
  Touching "cmTC_29fd8.dir\Debug\cmTC_29fd8.tlog\unsuccessfulbuild".
ClCompile:
  C:\Program Files\Microsoft Visual Studio\2022\Community\VC\Tools\MSVC\14.44.35207\bin\HostX64\x64\CL.exe /c /Zi /W3 /WX- /diagnostics:column /Od /Ob0 /D _MBCS /D WIN32 /D _WINDOWS /D HAVE_BUILTIN_AVAILABLE /D HAVE_WINDOWS_H /D HAVE_WS2TCPIP_H /D HAVE_WINSOCK2_H /D HAVE_INTTYPES_H /D HAVE_SYS_STAT_H /D HAVE_SYS_TYPES_H /D HAVE_SYS_UTIME_H /D HAVE_FCNTL_H /D HAVE_IO_H /D HAVE_LOCALE_H /D HAVE_STDBOOL_H /D HAVE_STDINT_H /D "CMAKE_INTDIR=\"Debug\"" /RTC1 /MDd /GS /fp:precise /Fo"cmTC_29fd8.dir\Debug\\" /Fd"cmTC_29fd8.dir\Debug\vc143.pdb" /external:W3 /Gd /TC /errorReport:queue "C:\projects\getaf\build\_deps\curl-src\CMake\CurlTests.c"
  Microsoft (R) C/C++ Optimizing Compiler Version 19.44.35217 for x64
  Copyright (C) Microsoft Corporation.  All rights reserved.
  cl /c /Zi /W3 /WX- /diagnostics:column /Od /Ob0 /D _MBCS /D WIN32 /D _WINDOWS /D HAVE_BUILTIN_AVAILABLE /D HAVE_WINDOWS_H /D HAVE_WS2TCPIP_H /D HAVE_WINSOCK2_H /D HAVE_INTTYPES_H /D HAVE_SYS_STAT_H /D HAVE_SYS_TYPES_H /D HAVE_SYS_UTIME_H /D HAVE_FCNTL_H /D HAVE_IO_H /D HAVE_LOCALE_H /D HAVE_STDBOOL_H /D HAVE_STDINT_H /D "CMAKE_INTDIR=\"Debug\"" /RTC1 /MDd /GS /fp:precise /Fo"cmTC_29fd8.dir\Debug\\" /Fd"cmTC_29fd8.dir\Debug\vc143.pdb" /external:W3 /Gd /TC /errorReport:queue "C:\projects\getaf\build\_deps\curl-src\CMake\CurlTests.c"
  CurlTests.c
C:\projects\getaf\build\_deps\curl-src\CMake\CurlTests.c(430,6): warning C4013: '__builtin_available' undefined; assuming extern returning int [C:\projects\getaf\build\CMakeFiles\CMakeTmp\cmTC_29fd8.vcxproj]
C:\projects\getaf\build\_deps\curl-src\CMake\CurlTests.c(430,26): error C2065: 'macOS': undeclared identifier [C:\projects\getaf\build\CMakeFiles\CMakeTmp\cmTC_29fd8.vcxproj]
C:\projects\getaf\build\_deps\curl-src\CMake\CurlTests.c(430,32): error C2143: syntax error: missing ')' before 'constant' [C:\projects\getaf\build\CMakeFiles\CMakeTmp\cmTC_29fd8.vcxproj]
C:\projects\getaf\build\_deps\curl-src\CMake\CurlTests.c(430,40): error C2059: syntax error: ')' [C:\projects\getaf\build\CMakeFiles\CMakeTmp\cmTC_29fd8.vcxproj]
C:\projects\getaf\build\_deps\curl-src\CMake\CurlTests.c(430,41): error C2059: syntax error: ')' [C:\projects\getaf\build\CMakeFiles\CMakeTmp\cmTC_29fd8.vcxproj]
Done Building Project "C:\projects\getaf\build\CMakeFiles\CMakeTmp\cmTC_29fd8.vcxproj" (default targets) -- FAILED.

Build FAILED.

"C:\projects\getaf\build\CMakeFiles\CMakeTmp\cmTC_29fd8.vcxproj" (default target) (1) ->
(ClCompile target) -> 
  C:\projects\getaf\build\_deps\curl-src\CMake\CurlTests.c(430,6): warning C4013: '__builtin_available' undefined; assuming extern returning int [C:\projects\getaf\build\CMakeFiles\CMakeTmp\cmTC_29fd8.vcxproj]


"C:\projects\getaf\build\CMakeFiles\CMakeTmp\cmTC_29fd8.vcxproj" (default target) (1) ->
(ClCompile target) -> 
  C:\projects\getaf\build\_deps\curl-src\CMake\CurlTests.c(430,26): error C2065: 'macOS': undeclared identifier [C:\projects\getaf\build\CMakeFiles\CMakeTmp\cmTC_29fd8.vcxproj]
  C:\projects\getaf\build\_deps\curl-src\CMake\CurlTests.c(430,32): error C2143: syntax error: missing ')' before 'constant' [C:\projects\getaf\build\CMakeFiles\CMakeTmp\cmTC_29fd8.vcxproj]
  C:\projects\getaf\build\_deps\curl-src\CMake\CurlTests.c(430,40): error C2059: syntax error: ')' [C:\projects\getaf\build\CMakeFiles\CMakeTmp\cmTC_29fd8.vcxproj]
  C:\projects\getaf\build\_deps\curl-src\CMake\CurlTests.c(430,41): error C2059: syntax error: ')' [C:\projects\getaf\build\CMakeFiles\CMakeTmp\cmTC_29fd8.vcxproj]

    1 Warning(s)
    4 Error(s)

Time Elapsed 00:00:02.71


